<?xml version="1.0" encoding="UTF-8"?>
<coverage generated="1781376406813" clover="3.2.0">
  <project timestamp="1781376406813" name="All files">
    <metrics statements="9" coveredstatements="8" conditionals="2" coveredconditionals="1" methods="3" coveredmethods="3" elements="14" coveredelements="12" complexity="0" loc="9" ncloc="9" packages="1" files="3" classes="3"/>
    <file name="password.js" path="C:/Workspace/Array-Spend-m2/src/middlewares/password.js">
      <metrics statements="2" coveredstatements="2" conditionals="0" coveredconditionals="0" methods="1" coveredmethods="1"/>
      <line num="1" count="1" type="stmt"/>
      <line num="2" count="2" type="stmt"/>
    </file>
    <file name="user.js" path="C:/Workspace/Array-Spend-m2/src/middlewares/user.js">
      <metrics statements="2" coveredstatements="2" conditionals="0" coveredconditionals="0" methods="1" coveredmethods="1"/>
      <line num="1" count="1" type="stmt"/>
      <line num="2" count="1" type="stmt"/>
    </file>
    <file name="validate.js" path="C:/Workspace/Array-Spend-m2/src/middlewares/validate.js">
      <metrics statements="5" coveredstatements="4" conditionals="2" coveredconditionals="1" methods="1" coveredmethods="1"/>
      <line num="3" count="1" type="stmt"/>
      <line num="4" count="1" type="stmt"/>
      <line num="6" count="1" type="cond" truecount="1" falsecount="1"/>
      <line num="7" count="1" type="stmt"/>
      <line num="10" count="0" type="stmt"/>
    </file>
  </project>
</coverage>
